16:40 - 10 April 2024 - INFO - <class 'streamlit.runtime.uploaded_file_manager.UploadedFile'> - triggered by main.py
16:52 - 10 April 2024 - INFO - Model "large_model_simplified.onnx" was loaded successfully in 0:00:03.938000! It has the following input name: x.1 - triggered by load_onnx_model.py
16:52 - 10 April 2024 - INFO - Preprocessed the original image "[[[ 39  59 127 255]
  [ 32  63 131 255]
  [ 30  63 131 255]
  ...
  [ 30  87 184 255]
  [ 29  85 183 255]
  [ 28  84 182 255]]

 [[ 37  58 127 255]
  [ 30  62 127 255]
  [ 30  63 128 255]
  ...
  [ 27  89 182 255]
  [ 26  87 181 255]
  [ 25  86 180 255]]

 [[ 36  59 127 255]
  [ 29  62 125 255]
  [ 30  63 127 255]
  ...
  [ 26  90 182 255]
  [ 24  88 181 255]
  [ 24  86 180 255]]

 ...

 [[ 25  19  41 255]
  [ 25  19  41 255]
  [ 25  19  41 255]
  ...
  [ 29  19  51 255]
  [ 29  19  51 255]
  [ 29  19  51 255]]

 [[ 25  19  41 255]
  [ 25  19  41 255]
  [ 25  19  41 255]
  ...
  [ 28  18  52 255]
  [ 28  18  52 255]
  [ 28  18  52 255]]

 [[ 25  19  41 255]
  [ 25  19  41 255]
  [ 25  19  41 255]
  ...
  [ 29  19  52 255]
  [ 29  19  52 255]
  [ 29  19  52 255]]]" (779x1842) in -1 day, 23:59:58.063000, for model size of 512x512 - triggered by load_onnx_model.py
16:54 - 10 April 2024 - INFO - Model "large_model_simplified.onnx" was loaded successfully in 0:00:03.375000! It has the following input name: x.1 - triggered by load_onnx_model.py
16:54 - 10 April 2024 - INFO - Preprocessed the original image "[[[106  98 162 255]
  [ 98  88 151 255]
  [111 101 161 255]
  ...
  [ 43  23  78 255]
  [ 48  23  75 255]
  [ 45  21  73 255]]

 [[109  98 164 255]
  [101  91 153 255]
  [114 103 163 255]
  ...
  [ 50  27  75 255]
  [ 52  24  77 255]
  [ 49  25  76 255]]

 [[111  98 165 255]
  [103  92 154 255]
  [116 104 164 255]
  ...
  [ 56  29  73 255]
  [ 55  27  79 255]
  [ 56  27  78 255]]

 ...

 [[ 57  54  83 255]
  [ 60  55  73 255]
  [ 64  39  54 255]
  ...
  [242 203  70 255]
  [242 203  67 255]
  [242 203  71 255]]

 [[ 57  54  81 255]
  [ 62  54  76 255]
  [ 63  41  59 255]
  ...
  [198 164  61 255]
  [198 164  62 255]
  [198 164  64 255]]

 [[ 57  54  78 255]
  [ 63  52  77 255]
  [ 60  44  62 255]
  ...
  [151 123  48 255]
  [151 123  52 255]
  [151 123  51 255]]]" (779x1842) in -1 day, 23:59:59.906000, for model size of 512x512 - triggered by load_onnx_model.py
16:56 - 10 April 2024 - INFO - Model "large_model_simplified.onnx" was loaded successfully in 0:00:03.172000! It has the following input name: x.1 - triggered by load_onnx_model.py
16:56 - 10 April 2024 - INFO - Preprocessed the original image "[[[150 150 150]
  [147 147 147]
  [140 140 140]
  ...
  [184 184 184]
  [184 184 184]
  [184 184 184]]

 [[152 152 152]
  [150 150 150]
  [146 146 146]
  ...
  [185 185 185]
  [185 185 185]
  [185 185 185]]

 [[148 148 148]
  [149 149 149]
  [148 148 148]
  ...
  [185 185 185]
  [186 186 186]
  [186 186 186]]

 ...

 [[115 115 115]
  [103 103 103]
  [118 118 118]
  ...
  [ 50  50  50]
  [ 55  55  55]
  [ 82  82  82]]

 [[118 118 118]
  [112 112 112]
  [115 115 115]
  ...
  [ 43  43  43]
  [ 25  25  25]
  [ 33  33  33]]

 [[126 126 126]
  [123 123 123]
  [109 109 109]
  ...
  [ 22  22  22]
  [ 28  28  28]
  [ 49  49  49]]]" (280x300) in -1 day, 23:59:59.953000, for model size of 512x512 - triggered by load_onnx_model.py
16:56 - 10 April 2024 - INFO - Model "large_model_simplified.onnx" was loaded successfully in 0:00:02.968000! It has the following input name: x.1 - triggered by load_onnx_model.py
16:56 - 10 April 2024 - INFO - Preprocessed the original image "[[[ 8  8  8]
  [ 5  5  5]
  [ 4  4  4]
  ...
  [28 28 28]
  [26 26 26]
  [26 26 26]]

 [[14 14 14]
  [ 6  6  6]
  [ 4  4  4]
  ...
  [32 32 32]
  [28 28 28]
  [25 25 25]]

 [[10 10 10]
  [ 5  5  5]
  [12 12 12]
  ...
  [39 39 39]
  [34 34 34]
  [27 27 27]]

 ...

 [[81 81 81]
  [81 81 81]
  [80 80 80]
  ...
  [48 48 48]
  [46 46 46]
  [46 46 46]]

 [[77 77 77]
  [78 78 78]
  [78 78 78]
  ...
  [45 45 45]
  [44 44 44]
  [44 44 44]]

 [[77 77 77]
  [76 76 76]
  [74 74 74]
  ...
  [42 42 42]
  [43 43 43]
  [44 44 44]]]" (1600x665) in -1 day, 23:59:59.953000, for model size of 512x512 - triggered by load_onnx_model.py
16:58 - 10 April 2024 - INFO - Model "large_model_simplified.onnx" was loaded successfully in 0:00:03.078000! It has the following input name: x.1 - triggered by load_onnx_model.py
16:58 - 10 April 2024 - INFO - Preprocessed the original image "[[[ 0 27 57]
  [ 0 27 57]
  [ 0 27 57]
  ...
  [ 0 27 57]
  [ 0 27 57]
  [ 0 27 57]]

 [[ 0 27 57]
  [ 0 27 57]
  [ 0 27 57]
  ...
  [ 0 27 57]
  [ 0 27 57]
  [ 0 27 57]]

 [[ 0 27 57]
  [ 0 27 57]
  [ 0 27 57]
  ...
  [ 0 27 57]
  [ 0 27 57]
  [ 0 27 57]]

 ...

 [[ 0 27 57]
  [ 0 27 57]
  [ 0 27 57]
  ...
  [ 0 27 57]
  [ 0 27 57]
  [ 0 27 57]]

 [[ 0 27 57]
  [ 0 27 57]
  [ 0 27 57]
  ...
  [ 0 27 57]
  [ 0 27 57]
  [ 0 27 57]]

 [[ 0 27 57]
  [ 0 27 57]
  [ 0 27 57]
  ...
  [ 0 27 57]
  [ 0 27 57]
  [ 0 27 57]]]" (779x1842) in -1 day, 23:59:59.969000, for model size of 512x512 - triggered by load_onnx_model.py
17:38 - 10 April 2024 - INFO - Model "large_model_simplified.onnx" was loaded successfully in 0:00:03.219000! It has the following input name: x.1 - triggered by load_onnx_model.py
17:38 - 10 April 2024 - INFO - Preprocessed the original image "[[[ 67  67  67]
  [ 67  67  67]
  [ 68  68  68]
  ...
  [169 169 169]
  [171 171 171]
  [172 172 172]]

 [[ 67  67  67]
  [ 68  68  68]
  [ 68  68  68]
  ...
  [168 168 168]
  [170 170 170]
  [172 172 172]]

 [[ 69  69  69]
  [ 69  69  69]
  [ 70  70  70]
  ...
  [167 167 167]
  [169 169 169]
  [171 171 171]]

 ...

 [[ 35  35  35]
  [ 35  35  35]
  [ 35  35  35]
  ...
  [ 44  44  44]
  [ 45  45  45]
  [ 40  40  40]]

 [[ 35  35  35]
  [ 35  35  35]
  [ 35  35  35]
  ...
  [ 38  38  38]
  [ 39  39  39]
  [ 35  35  35]]

 [[ 35  35  35]
  [ 35  35  35]
  [ 35  35  35]
  ...
  [ 32  32  32]
  [ 37  37  37]
  [ 34  34  34]]]" (640x427) in -1 day, 23:59:59.953000, for model size of 512x512 - triggered by load_onnx_model.py
17:40 - 10 April 2024 - INFO - Model "large_model_simplified.onnx" was loaded successfully in 0:00:03.031000! It has the following input name: x.1 - triggered by load_onnx_model.py
17:40 - 10 April 2024 - INFO - Preprocessed the original image "[[[255 255 255]
  [255 255 255]
  [254 254 254]
  ...
  [255 255 255]
  [255 255 255]
  [253 253 253]]

 [[255 255 255]
  [255 255 255]
  [254 254 254]
  ...
  [255 255 255]
  [255 255 255]
  [253 253 253]]

 [[255 255 255]
  [255 255 255]
  [254 254 254]
  ...
  [255 255 255]
  [255 255 255]
  [253 253 253]]

 ...

 [[251 251 251]
  [251 251 251]
  [251 251 251]
  ...
  [239 239 239]
  [239 239 239]
  [240 240 240]]

 [[251 251 251]
  [251 251 251]
  [251 251 251]
  ...
  [239 239 239]
  [239 239 239]
  [240 240 240]]

 [[251 251 251]
  [251 251 251]
  [251 251 251]
  ...
  [239 239 239]
  [239 239 239]
  [240 240 240]]]" (489x636) in -1 day, 23:59:59.938000, for model size of 512x512 - triggered by load_onnx_model.py
17:40 - 10 April 2024 - INFO - Model "large_model_simplified.onnx" was loaded successfully in 0:00:03.281000! It has the following input name: x.1 - triggered by load_onnx_model.py
17:40 - 10 April 2024 - INFO - Preprocessed the original image "[[[255 255 255]
  [255 255 255]
  [254 254 254]
  ...
  [255 255 255]
  [255 255 255]
  [253 253 253]]

 [[255 255 255]
  [255 255 255]
  [254 254 254]
  ...
  [255 255 255]
  [255 255 255]
  [253 253 253]]

 [[255 255 255]
  [255 255 255]
  [254 254 254]
  ...
  [255 255 255]
  [255 255 255]
  [253 253 253]]

 ...

 [[251 251 251]
  [251 251 251]
  [251 251 251]
  ...
  [239 239 239]
  [239 239 239]
  [240 240 240]]

 [[251 251 251]
  [251 251 251]
  [251 251 251]
  ...
  [239 239 239]
  [239 239 239]
  [240 240 240]]

 [[251 251 251]
  [251 251 251]
  [251 251 251]
  ...
  [239 239 239]
  [239 239 239]
  [240 240 240]]]" (489x636) in -1 day, 23:59:59.984000, for model size of 512x512 - triggered by load_onnx_model.py
17:40 - 10 April 2024 - INFO - Model "large_model_simplified.onnx" was loaded successfully in 0:00:03.469000! It has the following input name: x.1 - triggered by load_onnx_model.py
17:40 - 10 April 2024 - INFO - Preprocessed the original image "[[[ 25  15  38 255]
  [ 25  17  37 255]
  [ 23  17  35 255]
  ...
  [ 25  18  43 255]
  [ 24  17  42 255]
  [ 24  16  44 255]]

 [[ 25  15  38 255]
  [ 25  17  37 255]
  [ 24  18  35 255]
  ...
  [ 27  18  42 255]
  [ 25  16  43 255]
  [ 26  14  46 255]]

 [[ 25  15  38 255]
  [ 25  17  37 255]
  [ 24  18  35 255]
  ...
  [ 27  18  44 255]
  [ 24  17  43 255]
  [ 25  15  45 255]]

 ...

 [[ 22  15  27 255]
  [ 19  12  24 255]
  [ 19  12  24 255]
  ...
  [147 192  62 255]
  [158 199  61 255]
  [193 224  98 255]]

 [[ 22  15  27 255]
  [ 19  12  24 255]
  [ 19  12  24 255]
  ...
  [145 190  60 255]
  [158 198  62 255]
  [193 224  99 255]]

 [[ 22  15  27 255]
  [ 19  12  24 255]
  [ 19  12  24 255]
  ...
  [144 190  59 255]
  [159 199  62 255]
  [193 224  99 255]]]" (779x1842) in -1 day, 23:59:59.954000, for model size of 512x512 - triggered by load_onnx_model.py
17:41 - 10 April 2024 - INFO - Model "large_model_simplified.onnx" was loaded successfully in 0:00:03.063000! It has the following input name: x.1 - triggered by load_onnx_model.py
17:41 - 10 April 2024 - INFO - Preprocessed the original image "[[[ 67  67  67]
  [ 67  67  67]
  [ 68  68  68]
  ...
  [169 169 169]
  [171 171 171]
  [172 172 172]]

 [[ 67  67  67]
  [ 68  68  68]
  [ 68  68  68]
  ...
  [168 168 168]
  [170 170 170]
  [172 172 172]]

 [[ 69  69  69]
  [ 69  69  69]
  [ 70  70  70]
  ...
  [167 167 167]
  [169 169 169]
  [171 171 171]]

 ...

 [[ 35  35  35]
  [ 35  35  35]
  [ 35  35  35]
  ...
  [ 44  44  44]
  [ 45  45  45]
  [ 40  40  40]]

 [[ 35  35  35]
  [ 35  35  35]
  [ 35  35  35]
  ...
  [ 38  38  38]
  [ 39  39  39]
  [ 35  35  35]]

 [[ 35  35  35]
  [ 35  35  35]
  [ 35  35  35]
  ...
  [ 32  32  32]
  [ 37  37  37]
  [ 34  34  34]]]" (640x427) in -1 day, 23:59:59.985000, for model size of 512x512 - triggered by load_onnx_model.py
17:43 - 10 April 2024 - INFO - Model "large_model_simplified.onnx" was loaded successfully in 0:00:03.062000! It has the following input name: x.1 - triggered by load_onnx_model.py
17:43 - 10 April 2024 - INFO - Preprocessed the original image "[[[ 67  67  67]
  [ 67  67  67]
  [ 68  68  68]
  ...
  [169 169 169]
  [171 171 171]
  [172 172 172]]

 [[ 67  67  67]
  [ 68  68  68]
  [ 68  68  68]
  ...
  [168 168 168]
  [170 170 170]
  [172 172 172]]

 [[ 69  69  69]
  [ 69  69  69]
  [ 70  70  70]
  ...
  [167 167 167]
  [169 169 169]
  [171 171 171]]

 ...

 [[ 35  35  35]
  [ 35  35  35]
  [ 35  35  35]
  ...
  [ 44  44  44]
  [ 45  45  45]
  [ 40  40  40]]

 [[ 35  35  35]
  [ 35  35  35]
  [ 35  35  35]
  ...
  [ 38  38  38]
  [ 39  39  39]
  [ 35  35  35]]

 [[ 35  35  35]
  [ 35  35  35]
  [ 35  35  35]
  ...
  [ 32  32  32]
  [ 37  37  37]
  [ 34  34  34]]]" (640x427) in -1 day, 23:59:59.984000, for model size of 512x512 - triggered by load_onnx_model.py
17:46 - 10 April 2024 - INFO - Model "large_model_simplified.onnx" was loaded successfully in 0:00:03.156000! It has the following input name: x.1 - triggered by load_onnx_model.py
17:46 - 10 April 2024 - INFO - Preprocessed the original image "[[[0 0 0 0]
  [0 0 0 0]
  [0 0 0 0]
  ...
  [0 0 0 0]
  [0 0 0 0]
  [0 0 0 0]]

 [[0 0 0 0]
  [0 0 0 0]
  [0 0 0 0]
  ...
  [0 0 0 0]
  [0 0 0 0]
  [0 0 0 0]]

 [[0 0 0 0]
  [0 0 0 0]
  [0 0 0 0]
  ...
  [0 0 0 0]
  [0 0 0 0]
  [0 0 0 0]]

 ...

 [[0 0 0 0]
  [0 0 0 0]
  [0 0 0 0]
  ...
  [0 0 0 0]
  [0 0 0 0]
  [0 0 0 0]]

 [[0 0 0 0]
  [0 0 0 0]
  [0 0 0 0]
  ...
  [0 0 0 0]
  [0 0 0 0]
  [0 0 0 0]]

 [[0 0 0 0]
  [0 0 0 0]
  [0 0 0 0]
  ...
  [0 0 0 0]
  [0 0 0 0]
  [0 0 0 0]]]" (449x555) in -1 day, 23:59:59.984000, for model size of 512x512 - triggered by load_onnx_model.py
17:46 - 10 April 2024 - INFO - Model "large_model_simplified.onnx" was loaded successfully in 0:00:03.031000! It has the following input name: x.1 - triggered by load_onnx_model.py
17:46 - 10 April 2024 - INFO - Preprocessed the original image "[[[0 0 0 0]
  [0 0 0 0]
  [0 0 0 0]
  ...
  [0 0 0 0]
  [0 0 0 0]
  [0 0 0 0]]

 [[0 0 0 0]
  [0 0 0 0]
  [0 0 0 0]
  ...
  [0 0 0 0]
  [0 0 0 0]
  [0 0 0 0]]

 [[0 0 0 0]
  [0 0 0 0]
  [0 0 0 0]
  ...
  [0 0 0 0]
  [0 0 0 0]
  [0 0 0 0]]

 ...

 [[0 0 0 0]
  [0 0 0 0]
  [0 0 0 0]
  ...
  [0 0 0 0]
  [0 0 0 0]
  [0 0 0 0]]

 [[0 0 0 0]
  [0 0 0 0]
  [0 0 0 0]
  ...
  [0 0 0 0]
  [0 0 0 0]
  [0 0 0 0]]

 [[0 0 0 0]
  [0 0 0 0]
  [0 0 0 0]
  ...
  [0 0 0 0]
  [0 0 0 0]
  [0 0 0 0]]]" (455x548) in -1 day, 23:59:59.984000, for model size of 512x512 - triggered by load_onnx_model.py
17:47 - 10 April 2024 - INFO - Model "large_model_simplified.onnx" was loaded successfully in 0:00:02.796000! It has the following input name: x.1 - triggered by load_onnx_model.py
17:47 - 10 April 2024 - INFO - Preprocessed the original image "[[[ 38  56  70]
  [ 42  60  72]
  [ 45  64  71]
  ...
  [203 177 150]
  [200 176 142]
  [201 178 136]]

 [[ 33  56  64]
  [ 37  60  68]
  [ 43  63  70]
  ...
  [199 178 151]
  [199 180 147]
  [196 179 136]]

 [[ 34  59  63]
  [ 38  63  67]
  [ 42  65  71]
  ...
  [194 177 149]
  [196 181 148]
  [194 180 141]]

 ...

 [[  2   3   7]
  [  1   0   5]
  [  6   6   8]
  ...
  [  7   2   6]
  [  7   2   8]
  [  7   2   8]]

 [[  3   4   8]
  [  6   6   8]
  [  4   4   6]
  ...
  [  7   5  10]
  [  6   4   9]
  [  5   3   8]]

 [[  0   0   2]
  [  4   4   6]
  [  2   2   2]
  ...
  [  8   7  13]
  [  7   5  10]
  [  3   1   6]]]" (1920x903) in -1 day, 23:59:59.922000, for model size of 512x512 - triggered by load_onnx_model.py
17:47 - 10 April 2024 - INFO - Model "large_model_simplified.onnx" was loaded successfully in 0:00:02.968000! It has the following input name: x.1 - triggered by load_onnx_model.py
17:47 - 10 April 2024 - INFO - Preprocessed the original image "[[[ 38  56  70]
  [ 42  60  72]
  [ 45  64  71]
  ...
  [203 177 150]
  [200 176 142]
  [201 178 136]]

 [[ 33  56  64]
  [ 37  60  68]
  [ 43  63  70]
  ...
  [199 178 151]
  [199 180 147]
  [196 179 136]]

 [[ 34  59  63]
  [ 38  63  67]
  [ 42  65  71]
  ...
  [194 177 149]
  [196 181 148]
  [194 180 141]]

 ...

 [[  2   3   7]
  [  1   0   5]
  [  6   6   8]
  ...
  [  7   2   6]
  [  7   2   8]
  [  7   2   8]]

 [[  3   4   8]
  [  6   6   8]
  [  4   4   6]
  ...
  [  7   5  10]
  [  6   4   9]
  [  5   3   8]]

 [[  0   0   2]
  [  4   4   6]
  [  2   2   2]
  ...
  [  8   7  13]
  [  7   5  10]
  [  3   1   6]]]" (1920x903) in -1 day, 23:59:59.953000, for model size of 512x512 - triggered by load_onnx_model.py
17:48 - 10 April 2024 - INFO - Model "large_model_simplified.onnx" was loaded successfully in 0:00:03.203000! It has the following input name: x.1 - triggered by load_onnx_model.py
17:48 - 10 April 2024 - INFO - Preprocessed the original image "[[[ 38  56  70]
  [ 42  60  72]
  [ 45  64  71]
  ...
  [203 177 150]
  [200 176 142]
  [201 178 136]]

 [[ 33  56  64]
  [ 37  60  68]
  [ 43  63  70]
  ...
  [199 178 151]
  [199 180 147]
  [196 179 136]]

 [[ 34  59  63]
  [ 38  63  67]
  [ 42  65  71]
  ...
  [194 177 149]
  [196 181 148]
  [194 180 141]]

 ...

 [[  2   3   7]
  [  1   0   5]
  [  6   6   8]
  ...
  [  7   2   6]
  [  7   2   8]
  [  7   2   8]]

 [[  3   4   8]
  [  6   6   8]
  [  4   4   6]
  ...
  [  7   5  10]
  [  6   4   9]
  [  5   3   8]]

 [[  0   0   2]
  [  4   4   6]
  [  2   2   2]
  ...
  [  8   7  13]
  [  7   5  10]
  [  3   1   6]]]" (1920x903) in -1 day, 23:59:59.953000, for model size of 512x512 - triggered by load_onnx_model.py
17:49 - 10 April 2024 - INFO - Model "large_model_simplified.onnx" was loaded successfully in 0:00:03.078000! It has the following input name: x.1 - triggered by load_onnx_model.py
17:49 - 10 April 2024 - INFO - Preprocessed the original image "[[[ 40  32  53]
  [ 39  31  52]
  [ 39  31  52]
  ...
  [181 123 173]
  [181 123 173]
  [181 123 173]]

 [[ 40  32  53]
  [ 39  31  52]
  [ 39  31  52]
  ...
  [181 123 173]
  [181 123 173]
  [181 123 173]]

 [[ 40  32  53]
  [ 39  31  52]
  [ 39  31  52]
  ...
  [181 123 173]
  [181 123 173]
  [181 123 173]]

 ...

 [[103  56  72]
  [ 99  52  68]
  [101  48  66]
  ...
  [ 14   9  16]
  [ 12   7  14]
  [ 10   5  12]]

 [[116  72  87]
  [118  74  89]
  [117  66  83]
  ...
  [ 17  10  18]
  [ 17  10  18]
  [ 15   8  16]]

 [[140  98 112]
  [148 104 119]
  [143  95 111]
  ...
  [ 19  12  20]
  [ 20  13  21]
  [ 20  13  21]]]" (2048x2048) in -1 day, 23:59:59.860000, for model size of 512x512 - triggered by load_onnx_model.py
17:49 - 10 April 2024 - INFO - Model "large_model_simplified.onnx" was loaded successfully in 0:00:03! It has the following input name: x.1 - triggered by load_onnx_model.py
17:49 - 10 April 2024 - INFO - Preprocessed the original image "[[[ 39  11  10]
  [ 39  11  10]
  [ 39  11  10]
  ...
  [ 40  12  11]
  [ 40  12  11]
  [ 40  12  11]]

 [[ 39  11  10]
  [ 39  11  10]
  [ 39  11  10]
  ...
  [ 40  12  11]
  [ 40  12  11]
  [ 40  12  11]]

 [[ 39  11  10]
  [ 39  11  10]
  [ 39  11  10]
  ...
  [ 40  12  11]
  [ 40  12  11]
  [ 40  12  11]]

 ...

 [[109 100  91]
  [118 109 100]
  [122 113 106]
  ...
  [204 202 187]
  [168 169 151]
  [111 114  95]]

 [[ 37  31  19]
  [ 56  50  38]
  [ 82  75  65]
  ...
  [184 182 167]
  [174 175 157]
  [164 166 145]]

 [[ 29  23  11]
  [ 23  17   5]
  [ 27  20  10]
  ...
  [191 190 172]
  [177 176 158]
  [199 201 180]]]" (2048x2048) in -1 day, 23:59:59.906000, for model size of 512x512 - triggered by load_onnx_model.py
17:50 - 10 April 2024 - INFO - Model "large_model_simplified.onnx" was loaded successfully in 0:00:03.484000! It has the following input name: x.1 - triggered by load_onnx_model.py
17:50 - 10 April 2024 - INFO - Preprocessed the original image "[[[ 35  35  35]
  [ 34  34  34]
  [ 32  32  32]
  ...
  [178 178 178]
  [169 169 169]
  [161 161 161]]

 [[ 36  36  36]
  [ 38  38  38]
  [ 36  36  36]
  ...
  [178 178 178]
  [165 165 165]
  [161 161 161]]

 [[ 33  33  33]
  [ 38  38  38]
  [ 38  38  38]
  ...
  [176 176 176]
  [164 164 164]
  [162 162 162]]

 ...

 [[ 95  95  95]
  [ 96  96  96]
  [ 98  98  98]
  ...
  [ 59  59  59]
  [ 63  63  63]
  [ 56  56  56]]

 [[ 94  94  94]
  [ 98  98  98]
  [105 105 105]
  ...
  [ 58  58  58]
  [ 66  66  66]
  [ 54  54  54]]

 [[100 100 100]
  [ 92  92  92]
  [ 98  98  98]
  ...
  [ 65  65  65]
  [ 58  58  58]
  [ 59  59  59]]]" (1073x1600) in -1 day, 23:59:59.953000, for model size of 512x512 - triggered by load_onnx_model.py
17:51 - 10 April 2024 - INFO - Model "large_model_simplified.onnx" was loaded successfully in 0:00:03.015000! It has the following input name: x.1 - triggered by load_onnx_model.py
17:51 - 10 April 2024 - INFO - Preprocessed the original image "[[[120 120 120]
  [120 120 120]
  [113 113 113]
  ...
  [148 148 148]
  [148 148 148]
  [148 148 148]]

 [[105 105 105]
  [131 131 131]
  [210 210 210]
  ...
  [149 149 149]
  [149 149 149]
  [149 149 149]]

 [[ 79  79  79]
  [ 71  71  71]
  [ 92  92  92]
  ...
  [150 150 150]
  [151 151 151]
  [151 151 151]]

 ...

 [[179 179 179]
  [  0   0   0]
  [ 11  11  11]
  ...
  [179 179 179]
  [ 79  79  79]
  [ 18  18  18]]

 [[ 84  84  84]
  [  0   0   0]
  [122 122 122]
  ...
  [136 136 136]
  [200 200 200]
  [192 192 192]]

 [[ 61  61  61]
  [ 44  44  44]
  [ 62  62  62]
  ...
  [ 64  64  64]
  [  0   0   0]
  [ 54  54  54]]]" (600x400) in -1 day, 23:59:59.984000, for model size of 512x512 - triggered by load_onnx_model.py
17:52 - 10 April 2024 - INFO - Model "large_model_simplified.onnx" was loaded successfully in 0:00:02.922000! It has the following input name: x.1 - triggered by load_onnx_model.py
17:52 - 10 April 2024 - INFO - Preprocessed the original image "[[[120 120 120]
  [120 120 120]
  [113 113 113]
  ...
  [148 148 148]
  [148 148 148]
  [148 148 148]]

 [[105 105 105]
  [131 131 131]
  [210 210 210]
  ...
  [149 149 149]
  [149 149 149]
  [149 149 149]]

 [[ 79  79  79]
  [ 71  71  71]
  [ 92  92  92]
  ...
  [150 150 150]
  [151 151 151]
  [151 151 151]]

 ...

 [[179 179 179]
  [  0   0   0]
  [ 11  11  11]
  ...
  [179 179 179]
  [ 79  79  79]
  [ 18  18  18]]

 [[ 84  84  84]
  [  0   0   0]
  [122 122 122]
  ...
  [136 136 136]
  [200 200 200]
  [192 192 192]]

 [[ 61  61  61]
  [ 44  44  44]
  [ 62  62  62]
  ...
  [ 64  64  64]
  [  0   0   0]
  [ 54  54  54]]]" (600x400) in -1 day, 23:59:59.985000, for model size of 512x512 - triggered by load_onnx_model.py
17:55 - 10 April 2024 - INFO - Model "large_model_simplified.onnx" was loaded successfully in 0:00:03.344000! It has the following input name: x.1 - triggered by load_onnx_model.py
17:55 - 10 April 2024 - INFO - Preprocessed the original image "[[[56 56 56]
  [59 59 59]
  [64 64 64]
  ...
  [18 18 18]
  [18 18 18]
  [18 18 18]]

 [[55 55 55]
  [57 57 57]
  [60 60 60]
  ...
  [18 18 18]
  [18 18 18]
  [18 18 18]]

 [[56 56 56]
  [56 56 56]
  [56 56 56]
  ...
  [18 18 18]
  [18 18 18]
  [18 18 18]]

 ...

 [[12 12 12]
  [11 11 11]
  [10 10 10]
  ...
  [97 97 97]
  [36 36 36]
  [37 37 37]]

 [[13 13 13]
  [11 11 11]
  [10 10 10]
  ...
  [93 93 93]
  [41 41 41]
  [41 41 41]]

 [[14 14 14]
  [12 12 12]
  [10 10 10]
  ...
  [88 88 88]
  [45 45 45]
  [45 45 45]]]" (728x971) in -1 day, 23:59:59.968000, for model size of 512x512 - triggered by load_onnx_model.py
18:05 - 10 April 2024 - INFO - Model "large_model_simplified.onnx" was loaded successfully in 0:00:03.219000! It has the following input name: x.1 - triggered by load_onnx_model.py
18:05 - 10 April 2024 - INFO - Preprocessed the original image "[[[ 67  67  67]
  [ 67  67  67]
  [ 68  68  68]
  ...
  [169 169 169]
  [171 171 171]
  [172 172 172]]

 [[ 67  67  67]
  [ 68  68  68]
  [ 68  68  68]
  ...
  [168 168 168]
  [170 170 170]
  [172 172 172]]

 [[ 69  69  69]
  [ 69  69  69]
  [ 70  70  70]
  ...
  [167 167 167]
  [169 169 169]
  [171 171 171]]

 ...

 [[ 35  35  35]
  [ 35  35  35]
  [ 35  35  35]
  ...
  [ 44  44  44]
  [ 45  45  45]
  [ 40  40  40]]

 [[ 35  35  35]
  [ 35  35  35]
  [ 35  35  35]
  ...
  [ 38  38  38]
  [ 39  39  39]
  [ 35  35  35]]

 [[ 35  35  35]
  [ 35  35  35]
  [ 35  35  35]
  ...
  [ 32  32  32]
  [ 37  37  37]
  [ 34  34  34]]]" (640x427) in -1 day, 23:59:59.797000, for model size of 512x512 - triggered by load_onnx_model.py
18:07 - 10 April 2024 - INFO - Model "large_model_simplified.onnx" was loaded successfully in 0:00:03.062000! It has the following input name: x.1 - triggered by load_onnx_model.py
18:07 - 10 April 2024 - INFO - Preprocessed the original image "[[[56 56 56]
  [59 59 59]
  [64 64 64]
  ...
  [18 18 18]
  [18 18 18]
  [18 18 18]]

 [[55 55 55]
  [57 57 57]
  [60 60 60]
  ...
  [18 18 18]
  [18 18 18]
  [18 18 18]]

 [[56 56 56]
  [56 56 56]
  [56 56 56]
  ...
  [18 18 18]
  [18 18 18]
  [18 18 18]]

 ...

 [[12 12 12]
  [11 11 11]
  [10 10 10]
  ...
  [97 97 97]
  [36 36 36]
  [37 37 37]]

 [[13 13 13]
  [11 11 11]
  [10 10 10]
  ...
  [93 93 93]
  [41 41 41]
  [41 41 41]]

 [[14 14 14]
  [12 12 12]
  [10 10 10]
  ...
  [88 88 88]
  [45 45 45]
  [45 45 45]]]" (728x971) in -1 day, 23:59:59.969000, for model size of 512x512 - triggered by load_onnx_model.py
18:16 - 10 April 2024 - INFO - Model "large_model_simplified.onnx" was loaded successfully in 0:00:02.969000! It has the following input name: x.1 - triggered by load_onnx_model.py
18:16 - 10 April 2024 - INFO - Preprocessed the original image "[[[120 120 120]
  [120 120 120]
  [113 113 113]
  ...
  [148 148 148]
  [148 148 148]
  [148 148 148]]

 [[105 105 105]
  [131 131 131]
  [210 210 210]
  ...
  [149 149 149]
  [149 149 149]
  [149 149 149]]

 [[ 79  79  79]
  [ 71  71  71]
  [ 92  92  92]
  ...
  [150 150 150]
  [151 151 151]
  [151 151 151]]

 ...

 [[179 179 179]
  [  0   0   0]
  [ 11  11  11]
  ...
  [179 179 179]
  [ 79  79  79]
  [ 18  18  18]]

 [[ 84  84  84]
  [  0   0   0]
  [122 122 122]
  ...
  [136 136 136]
  [200 200 200]
  [192 192 192]]

 [[ 61  61  61]
  [ 44  44  44]
  [ 62  62  62]
  ...
  [ 64  64  64]
  [  0   0   0]
  [ 54  54  54]]]" (600x400) in -1 day, 23:59:59.985000, for model size of 512x512 - triggered by load_onnx_model.py
18:20 - 10 April 2024 - INFO - Model "large_model_simplified.onnx" was loaded successfully in 0:00:03.032000! It has the following input name: x.1 - triggered by load_onnx_model.py
18:20 - 10 April 2024 - INFO - Preprocessed the original image "[[[120 120 120]
  [120 120 120]
  [113 113 113]
  ...
  [148 148 148]
  [148 148 148]
  [148 148 148]]

 [[105 105 105]
  [131 131 131]
  [210 210 210]
  ...
  [149 149 149]
  [149 149 149]
  [149 149 149]]

 [[ 79  79  79]
  [ 71  71  71]
  [ 92  92  92]
  ...
  [150 150 150]
  [151 151 151]
  [151 151 151]]

 ...

 [[179 179 179]
  [  0   0   0]
  [ 11  11  11]
  ...
  [179 179 179]
  [ 79  79  79]
  [ 18  18  18]]

 [[ 84  84  84]
  [  0   0   0]
  [122 122 122]
  ...
  [136 136 136]
  [200 200 200]
  [192 192 192]]

 [[ 61  61  61]
  [ 44  44  44]
  [ 62  62  62]
  ...
  [ 64  64  64]
  [  0   0   0]
  [ 54  54  54]]]" (600x400) in -1 day, 23:59:59.985000, for model size of 512x512 - triggered by load_onnx_model.py
18:21 - 10 April 2024 - INFO - Model "large_model_simplified.onnx" was loaded successfully in 0:00:03.234000! It has the following input name: x.1 - triggered by load_onnx_model.py
18:21 - 10 April 2024 - INFO - Preprocessed the original image "[[[ 35  35  35]
  [ 34  34  34]
  [ 32  32  32]
  ...
  [178 178 178]
  [169 169 169]
  [161 161 161]]

 [[ 36  36  36]
  [ 38  38  38]
  [ 36  36  36]
  ...
  [178 178 178]
  [165 165 165]
  [161 161 161]]

 [[ 33  33  33]
  [ 38  38  38]
  [ 38  38  38]
  ...
  [176 176 176]
  [164 164 164]
  [162 162 162]]

 ...

 [[ 95  95  95]
  [ 96  96  96]
  [ 98  98  98]
  ...
  [ 59  59  59]
  [ 63  63  63]
  [ 56  56  56]]

 [[ 94  94  94]
  [ 98  98  98]
  [105 105 105]
  ...
  [ 58  58  58]
  [ 66  66  66]
  [ 54  54  54]]

 [[100 100 100]
  [ 92  92  92]
  [ 98  98  98]
  ...
  [ 65  65  65]
  [ 58  58  58]
  [ 59  59  59]]]" (1073x1600) in -1 day, 23:59:59.937000, for model size of 512x512 - triggered by load_onnx_model.py
18:21 - 10 April 2024 - INFO - Model "large_model_simplified.onnx" was loaded successfully in 0:00:03! It has the following input name: x.1 - triggered by load_onnx_model.py
18:21 - 10 April 2024 - INFO - Preprocessed the original image "[[[ 67  67  67]
  [ 67  67  67]
  [ 68  68  68]
  ...
  [169 169 169]
  [171 171 171]
  [172 172 172]]

 [[ 67  67  67]
  [ 68  68  68]
  [ 68  68  68]
  ...
  [168 168 168]
  [170 170 170]
  [172 172 172]]

 [[ 69  69  69]
  [ 69  69  69]
  [ 70  70  70]
  ...
  [167 167 167]
  [169 169 169]
  [171 171 171]]

 ...

 [[ 35  35  35]
  [ 35  35  35]
  [ 35  35  35]
  ...
  [ 44  44  44]
  [ 45  45  45]
  [ 40  40  40]]

 [[ 35  35  35]
  [ 35  35  35]
  [ 35  35  35]
  ...
  [ 38  38  38]
  [ 39  39  39]
  [ 35  35  35]]

 [[ 35  35  35]
  [ 35  35  35]
  [ 35  35  35]
  ...
  [ 32  32  32]
  [ 37  37  37]
  [ 34  34  34]]]" (640x427) in -1 day, 23:59:59.968000, for model size of 512x512 - triggered by load_onnx_model.py
18:32 - 10 April 2024 - INFO - Model "large_model_simplified.onnx" was loaded successfully in 0:00:03.079000! It has the following input name: x.1 - triggered by load_onnx_model.py
18:32 - 10 April 2024 - INFO - Preprocessed the original image "[[[56 56 56]
  [59 59 59]
  [64 64 64]
  ...
  [18 18 18]
  [18 18 18]
  [18 18 18]]

 [[55 55 55]
  [57 57 57]
  [60 60 60]
  ...
  [18 18 18]
  [18 18 18]
  [18 18 18]]

 [[56 56 56]
  [56 56 56]
  [56 56 56]
  ...
  [18 18 18]
  [18 18 18]
  [18 18 18]]

 ...

 [[12 12 12]
  [11 11 11]
  [10 10 10]
  ...
  [97 97 97]
  [36 36 36]
  [37 37 37]]

 [[13 13 13]
  [11 11 11]
  [10 10 10]
  ...
  [93 93 93]
  [41 41 41]
  [41 41 41]]

 [[14 14 14]
  [12 12 12]
  [10 10 10]
  ...
  [88 88 88]
  [45 45 45]
  [45 45 45]]]" (728x971) in -1 day, 23:59:59.969000, for model size of 512x512 - triggered by load_onnx_model.py
18:37 - 10 April 2024 - INFO - Model "large_model_simplified.onnx" was loaded successfully in 0:00:03.234000! It has the following input name: x.1 - triggered by load_onnx_model.py
18:37 - 10 April 2024 - INFO - Preprocessed the original image "[[[ 35  35  35]
  [ 34  34  34]
  [ 32  32  32]
  ...
  [178 178 178]
  [169 169 169]
  [161 161 161]]

 [[ 36  36  36]
  [ 38  38  38]
  [ 36  36  36]
  ...
  [178 178 178]
  [165 165 165]
  [161 161 161]]

 [[ 33  33  33]
  [ 38  38  38]
  [ 38  38  38]
  ...
  [176 176 176]
  [164 164 164]
  [162 162 162]]

 ...

 [[ 95  95  95]
  [ 96  96  96]
  [ 98  98  98]
  ...
  [ 59  59  59]
  [ 63  63  63]
  [ 56  56  56]]

 [[ 94  94  94]
  [ 98  98  98]
  [105 105 105]
  ...
  [ 58  58  58]
  [ 66  66  66]
  [ 54  54  54]]

 [[100 100 100]
  [ 92  92  92]
  [ 98  98  98]
  ...
  [ 65  65  65]
  [ 58  58  58]
  [ 59  59  59]]]" (1073x1600) in -1 day, 23:59:59.938000, for model size of 512x512 - triggered by load_onnx_model.py
18:40 - 10 April 2024 - INFO - Model "large_model_simplified.onnx" was loaded successfully in 0:00:03.094000! It has the following input name: x.1 - triggered by load_onnx_model.py
18:41 - 10 April 2024 - INFO - Model "large_model_simplified.onnx" was loaded successfully in 0:00:02.953000! It has the following input name: x.1 - triggered by load_onnx_model.py
18:41 - 10 April 2024 - INFO - Preprocessed the original image "[[[ 50  50  50]
  [ 44  44  44]
  [ 41  41  41]
  ...
  [ 24  24  24]
  [ 29  29  29]
  [ 30  30  30]]

 [[ 50  50  50]
  [ 45  45  45]
  [ 41  41  41]
  ...
  [ 26  26  26]
  [ 29  29  29]
  [ 28  28  28]]

 [[ 51  51  51]
  [ 45  45  45]
  [ 41  41  41]
  ...
  [ 31  31  31]
  [ 30  30  30]
  [ 27  27  27]]

 ...

 [[102 102 102]
  [109 109 109]
  [ 94  94  94]
  ...
  [ 29  29  29]
  [ 44  44  44]
  [ 66  66  66]]

 [[ 92  92  92]
  [115 115 115]
  [128 128 128]
  ...
  [ 19  19  19]
  [ 28  28  28]
  [ 37  37  37]]

 [[ 94  94  94]
  [115 115 115]
  [127 127 127]
  ...
  [ 26  26  26]
  [ 42  42  42]
  [ 57  57  57]]]" (612x482) in -1 day, 23:59:59.953000, for model size of 512x512 - triggered by load_onnx_model.py
18:43 - 10 April 2024 - INFO - Model "large_model_simplified.onnx" was loaded successfully in 0:00:03.266000! It has the following input name: x.1 - triggered by load_onnx_model.py
18:43 - 10 April 2024 - INFO - Preprocessed the original image "[[[ 24  24  24 255]
  [ 24  24  24 255]
  [ 24  24  24 255]
  ...
  [152 152 152 255]
  [154 154 154 255]
  [155 155 155 255]]

 [[ 25  25  25 255]
  [ 25  25  25 255]
  [ 27  27  27 255]
  ...
  [149 149 149 255]
  [152 152 152 255]
  [152 152 152 255]]

 [[ 25  25  25 255]
  [ 25  25  25 255]
  [ 27  27  27 255]
  ...
  [149 149 149 255]
  [152 152 152 255]
  [152 152 152 255]]

 ...

 [[ 47  47  47 255]
  [ 47  47  47 255]
  [ 47  47  47 255]
  ...
  [204 204 204 255]
  [204 204 204 255]
  [204 204 204 255]]

 [[ 47  47  47 255]
  [ 47  47  47 255]
  [ 47  47  47 255]
  ...
  [204 204 204 255]
  [205 205 205 255]
  [205 205 205 255]]

 [[  0   0   0   0]
  [  0   0   0   0]
  [  0   0   0   0]
  ...
  [  0   0   0   0]
  [  0   0   0   0]
  [  0   0   0   0]]]" (1999x1412) in -1 day, 23:59:59.906000, for model size of 512x512 - triggered by load_onnx_model.py
18:45 - 10 April 2024 - INFO - Model "large_model_simplified.onnx" was loaded successfully in 0:00:03.234000! It has the following input name: x.1 - triggered by load_onnx_model.py
18:45 - 10 April 2024 - INFO - Preprocessed the original image "[[[196 201 207]
  [196 201 207]
  [196 201 207]
  ...
  [204 207 214]
  [204 207 214]
  [204 207 214]]

 [[196 201 207]
  [196 201 207]
  [195 200 206]
  ...
  [204 207 214]
  [204 207 214]
  [204 207 214]]

 [[195 200 206]
  [195 200 206]
  [195 200 206]
  ...
  [204 207 214]
  [204 207 214]
  [204 207 214]]

 ...

 [[157 161 170]
  [158 162 171]
  [158 162 171]
  ...
  [191 196 202]
  [191 196 202]
  [191 196 202]]

 [[158 162 171]
  [158 162 171]
  [159 163 172]
  ...
  [191 196 202]
  [191 196 202]
  [191 196 202]]

 [[159 163 172]
  [159 163 172]
  [159 163 172]
  ...
  [191 196 202]
  [191 196 202]
  [191 196 202]]]" (960x1280) in -1 day, 23:59:59.953000, for model size of 512x512 - triggered by load_onnx_model.py
18:46 - 10 April 2024 - INFO - Model "large_model_simplified.onnx" was loaded successfully in 0:00:03.093000! It has the following input name: x.1 - triggered by load_onnx_model.py
18:46 - 10 April 2024 - INFO - Preprocessed the original image "[[[181 173 154]
  [182 174 155]
  [183 175 154]
  ...
  [205 201 192]
  [205 201 190]
  [205 201 190]]

 [[183 175 156]
  [184 176 157]
  [185 177 156]
  ...
  [205 201 192]
  [205 201 190]
  [206 202 191]]

 [[187 179 160]
  [187 179 160]
  [187 179 160]
  ...
  [207 200 192]
  [205 201 192]
  [206 202 193]]

 ...

 [[177 177 169]
  [177 177 169]
  [178 178 170]
  ...
  [189 186 181]
  [189 184 180]
  [189 184 180]]

 [[177 177 169]
  [177 177 169]
  [178 178 170]
  ...
  [188 185 180]
  [188 183 179]
  [188 183 179]]

 [[181 178 171]
  [181 178 171]
  [181 178 171]
  ...
  [187 184 179]
  [187 184 177]
  [187 184 177]]]" (630x401) in -1 day, 23:59:59.984000, for model size of 512x512 - triggered by load_onnx_model.py
18:47 - 10 April 2024 - INFO - Model "large_model_simplified.onnx" was loaded successfully in 0:00:02.953000! It has the following input name: x.1 - triggered by load_onnx_model.py
18:47 - 10 April 2024 - INFO - Preprocessed the original image "[[[181 173 154]
  [182 174 155]
  [183 175 154]
  ...
  [205 201 192]
  [205 201 190]
  [205 201 190]]

 [[183 175 156]
  [184 176 157]
  [185 177 156]
  ...
  [205 201 192]
  [205 201 190]
  [206 202 191]]

 [[187 179 160]
  [187 179 160]
  [187 179 160]
  ...
  [207 200 192]
  [205 201 192]
  [206 202 193]]

 ...

 [[177 177 169]
  [177 177 169]
  [178 178 170]
  ...
  [189 186 181]
  [189 184 180]
  [189 184 180]]

 [[177 177 169]
  [177 177 169]
  [178 178 170]
  ...
  [188 185 180]
  [188 183 179]
  [188 183 179]]

 [[181 178 171]
  [181 178 171]
  [181 178 171]
  ...
  [187 184 179]
  [187 184 177]
  [187 184 177]]]" (630x401) in -1 day, 23:59:59.984000, for model size of 512x512 - triggered by load_onnx_model.py
18:47 - 10 April 2024 - INFO - Model "large_model_simplified.onnx" was loaded successfully in 0:00:02.953000! It has the following input name: x.1 - triggered by load_onnx_model.py
18:47 - 10 April 2024 - INFO - Preprocessed the original image "[[[181 173 154]
  [182 174 155]
  [183 175 154]
  ...
  [205 201 192]
  [205 201 190]
  [205 201 190]]

 [[183 175 156]
  [184 176 157]
  [185 177 156]
  ...
  [205 201 192]
  [205 201 190]
  [206 202 191]]

 [[187 179 160]
  [187 179 160]
  [187 179 160]
  ...
  [207 200 192]
  [205 201 192]
  [206 202 193]]

 ...

 [[177 177 169]
  [177 177 169]
  [178 178 170]
  ...
  [189 186 181]
  [189 184 180]
  [189 184 180]]

 [[177 177 169]
  [177 177 169]
  [178 178 170]
  ...
  [188 185 180]
  [188 183 179]
  [188 183 179]]

 [[181 178 171]
  [181 178 171]
  [181 178 171]
  ...
  [187 184 179]
  [187 184 177]
  [187 184 177]]]" (630x401) in -1 day, 23:59:59.984000, for model size of 512x512 - triggered by load_onnx_model.py
18:48 - 10 April 2024 - INFO - Model "large_model_simplified.onnx" was loaded successfully in 0:00:03.015000! It has the following input name: x.1 - triggered by load_onnx_model.py
18:48 - 10 April 2024 - INFO - Preprocessed the original image "[[[181 173 154]
  [182 174 155]
  [183 175 154]
  ...
  [205 201 192]
  [205 201 190]
  [205 201 190]]

 [[183 175 156]
  [184 176 157]
  [185 177 156]
  ...
  [205 201 192]
  [205 201 190]
  [206 202 191]]

 [[187 179 160]
  [187 179 160]
  [187 179 160]
  ...
  [207 200 192]
  [205 201 192]
  [206 202 193]]

 ...

 [[177 177 169]
  [177 177 169]
  [178 178 170]
  ...
  [189 186 181]
  [189 184 180]
  [189 184 180]]

 [[177 177 169]
  [177 177 169]
  [178 178 170]
  ...
  [188 185 180]
  [188 183 179]
  [188 183 179]]

 [[181 178 171]
  [181 178 171]
  [181 178 171]
  ...
  [187 184 179]
  [187 184 177]
  [187 184 177]]]" (630x401) in -1 day, 23:59:59.984000, for model size of 512x512 - triggered by load_onnx_model.py
08:26 - 11 April 2024 - INFO - Model "tiny_model_simplified.onnx" was loaded successfully in 0:00:03.204000! It has the following input name: x.1 - triggered by load_onnx_model.py
08:26 - 11 April 2024 - INFO - Preprocessed the original image "[[[56 56 56]
  [59 59 59]
  [64 64 64]
  ...
  [18 18 18]
  [18 18 18]
  [18 18 18]]

 [[55 55 55]
  [57 57 57]
  [60 60 60]
  ...
  [18 18 18]
  [18 18 18]
  [18 18 18]]

 [[56 56 56]
  [56 56 56]
  [56 56 56]
  ...
  [18 18 18]
  [18 18 18]
  [18 18 18]]

 ...

 [[12 12 12]
  [11 11 11]
  [10 10 10]
  ...
  [97 97 97]
  [36 36 36]
  [37 37 37]]

 [[13 13 13]
  [11 11 11]
  [10 10 10]
  ...
  [93 93 93]
  [41 41 41]
  [41 41 41]]

 [[14 14 14]
  [12 12 12]
  [10 10 10]
  ...
  [88 88 88]
  [45 45 45]
  [45 45 45]]]" (728x971) in -1 day, 23:59:59.938000, for model size of 512x512 - triggered by load_onnx_model.py
08:26 - 11 April 2024 - INFO - Model "tiny_model_simplified.onnx" was loaded successfully in 0:00:01.765000! It has the following input name: x.1 - triggered by load_onnx_model.py
08:26 - 11 April 2024 - INFO - Preprocessed the original image "[[[56 56 56]
  [59 59 59]
  [64 64 64]
  ...
  [18 18 18]
  [18 18 18]
  [18 18 18]]

 [[55 55 55]
  [57 57 57]
  [60 60 60]
  ...
  [18 18 18]
  [18 18 18]
  [18 18 18]]

 [[56 56 56]
  [56 56 56]
  [56 56 56]
  ...
  [18 18 18]
  [18 18 18]
  [18 18 18]]

 ...

 [[12 12 12]
  [11 11 11]
  [10 10 10]
  ...
  [97 97 97]
  [36 36 36]
  [37 37 37]]

 [[13 13 13]
  [11 11 11]
  [10 10 10]
  ...
  [93 93 93]
  [41 41 41]
  [41 41 41]]

 [[14 14 14]
  [12 12 12]
  [10 10 10]
  ...
  [88 88 88]
  [45 45 45]
  [45 45 45]]]" (728x971) in -1 day, 23:59:59.969000, for model size of 512x512 - triggered by load_onnx_model.py
08:27 - 11 April 2024 - INFO - Model "tiny_model_simplified.onnx" was loaded successfully in 0:00:01.656000! It has the following input name: x.1 - triggered by load_onnx_model.py
08:27 - 11 April 2024 - INFO - Preprocessed the original image "[[[56 56 56]
  [59 59 59]
  [64 64 64]
  ...
  [18 18 18]
  [18 18 18]
  [18 18 18]]

 [[55 55 55]
  [57 57 57]
  [60 60 60]
  ...
  [18 18 18]
  [18 18 18]
  [18 18 18]]

 [[56 56 56]
  [56 56 56]
  [56 56 56]
  ...
  [18 18 18]
  [18 18 18]
  [18 18 18]]

 ...

 [[12 12 12]
  [11 11 11]
  [10 10 10]
  ...
  [97 97 97]
  [36 36 36]
  [37 37 37]]

 [[13 13 13]
  [11 11 11]
  [10 10 10]
  ...
  [93 93 93]
  [41 41 41]
  [41 41 41]]

 [[14 14 14]
  [12 12 12]
  [10 10 10]
  ...
  [88 88 88]
  [45 45 45]
  [45 45 45]]]" (728x971) in -1 day, 23:59:59.985000, for model size of 256x256 - triggered by load_onnx_model.py
08:27 - 11 April 2024 - INFO - Model "tiny_model_simplified.onnx" was loaded successfully in 0:00:01.422000! It has the following input name: x.1 - triggered by load_onnx_model.py
08:27 - 11 April 2024 - INFO - Preprocessed the original image "[[[ 67  67  67]
  [ 67  67  67]
  [ 68  68  68]
  ...
  [169 169 169]
  [171 171 171]
  [172 172 172]]

 [[ 67  67  67]
  [ 68  68  68]
  [ 68  68  68]
  ...
  [168 168 168]
  [170 170 170]
  [172 172 172]]

 [[ 69  69  69]
  [ 69  69  69]
  [ 70  70  70]
  ...
  [167 167 167]
  [169 169 169]
  [171 171 171]]

 ...

 [[ 35  35  35]
  [ 35  35  35]
  [ 35  35  35]
  ...
  [ 44  44  44]
  [ 45  45  45]
  [ 40  40  40]]

 [[ 35  35  35]
  [ 35  35  35]
  [ 35  35  35]
  ...
  [ 38  38  38]
  [ 39  39  39]
  [ 35  35  35]]

 [[ 35  35  35]
  [ 35  35  35]
  [ 35  35  35]
  ...
  [ 32  32  32]
  [ 37  37  37]
  [ 34  34  34]]]" (640x427) in -1 day, 23:59:59.985000, for model size of 256x256 - triggered by load_onnx_model.py
08:27 - 11 April 2024 - INFO - Model "tiny_model_simplified.onnx" was loaded successfully in 0:00:01.687000! It has the following input name: x.1 - triggered by load_onnx_model.py
08:27 - 11 April 2024 - INFO - Preprocessed the original image "[[[ 50  50  50]
  [ 44  44  44]
  [ 41  41  41]
  ...
  [ 24  24  24]
  [ 29  29  29]
  [ 30  30  30]]

 [[ 50  50  50]
  [ 45  45  45]
  [ 41  41  41]
  ...
  [ 26  26  26]
  [ 29  29  29]
  [ 28  28  28]]

 [[ 51  51  51]
  [ 45  45  45]
  [ 41  41  41]
  ...
  [ 31  31  31]
  [ 30  30  30]
  [ 27  27  27]]

 ...

 [[102 102 102]
  [109 109 109]
  [ 94  94  94]
  ...
  [ 29  29  29]
  [ 44  44  44]
  [ 66  66  66]]

 [[ 92  92  92]
  [115 115 115]
  [128 128 128]
  ...
  [ 19  19  19]
  [ 28  28  28]
  [ 37  37  37]]

 [[ 94  94  94]
  [115 115 115]
  [127 127 127]
  ...
  [ 26  26  26]
  [ 42  42  42]
  [ 57  57  57]]]" (612x482) in -1 day, 23:59:59.984000, for model size of 256x256 - triggered by load_onnx_model.py
08:28 - 11 April 2024 - INFO - Model "tiny_model_simplified.onnx" was loaded successfully in 0:00:01.438000! It has the following input name: x.1 - triggered by load_onnx_model.py
08:28 - 11 April 2024 - INFO - Preprocessed the original image "[[[181 173 154]
  [182 174 155]
  [183 175 154]
  ...
  [205 201 192]
  [205 201 190]
  [205 201 190]]

 [[183 175 156]
  [184 176 157]
  [185 177 156]
  ...
  [205 201 192]
  [205 201 190]
  [206 202 191]]

 [[187 179 160]
  [187 179 160]
  [187 179 160]
  ...
  [207 200 192]
  [205 201 192]
  [206 202 193]]

 ...

 [[177 177 169]
  [177 177 169]
  [178 178 170]
  ...
  [189 186 181]
  [189 184 180]
  [189 184 180]]

 [[177 177 169]
  [177 177 169]
  [178 178 170]
  ...
  [188 185 180]
  [188 183 179]
  [188 183 179]]

 [[181 178 171]
  [181 178 171]
  [181 178 171]
  ...
  [187 184 179]
  [187 184 177]
  [187 184 177]]]" (630x401) in -1 day, 23:59:59.984000, for model size of 256x256 - triggered by load_onnx_model.py
08:28 - 11 April 2024 - INFO - Model "large_model_simplified.onnx" was loaded successfully in 0:00:05.312000! It has the following input name: x.1 - triggered by load_onnx_model.py
08:28 - 11 April 2024 - INFO - Preprocessed the original image "[[[181 173 154]
  [182 174 155]
  [183 175 154]
  ...
  [205 201 192]
  [205 201 190]
  [205 201 190]]

 [[183 175 156]
  [184 176 157]
  [185 177 156]
  ...
  [205 201 192]
  [205 201 190]
  [206 202 191]]

 [[187 179 160]
  [187 179 160]
  [187 179 160]
  ...
  [207 200 192]
  [205 201 192]
  [206 202 193]]

 ...

 [[177 177 169]
  [177 177 169]
  [178 178 170]
  ...
  [189 186 181]
  [189 184 180]
  [189 184 180]]

 [[177 177 169]
  [177 177 169]
  [178 178 170]
  ...
  [188 185 180]
  [188 183 179]
  [188 183 179]]

 [[181 178 171]
  [181 178 171]
  [181 178 171]
  ...
  [187 184 179]
  [187 184 177]
  [187 184 177]]]" (630x401) in -1 day, 23:59:59.890000, for model size of 512x512 - triggered by load_onnx_model.py
08:31 - 11 April 2024 - INFO - Model "large_model_simplified.onnx" was loaded successfully in 0:00:03.344000! It has the following input name: x.1 - triggered by load_onnx_model.py
08:31 - 11 April 2024 - INFO - Preprocessed the original image "[[[181 173 154]
  [182 174 155]
  [183 175 154]
  ...
  [205 201 192]
  [205 201 190]
  [205 201 190]]

 [[183 175 156]
  [184 176 157]
  [185 177 156]
  ...
  [205 201 192]
  [205 201 190]
  [206 202 191]]

 [[187 179 160]
  [187 179 160]
  [187 179 160]
  ...
  [207 200 192]
  [205 201 192]
  [206 202 193]]

 ...

 [[177 177 169]
  [177 177 169]
  [178 178 170]
  ...
  [189 186 181]
  [189 184 180]
  [189 184 180]]

 [[177 177 169]
  [177 177 169]
  [178 178 170]
  ...
  [188 185 180]
  [188 183 179]
  [188 183 179]]

 [[181 178 171]
  [181 178 171]
  [181 178 171]
  ...
  [187 184 179]
  [187 184 177]
  [187 184 177]]]" (630x401) in -1 day, 23:59:59.969000, for model size of 512x512 - triggered by load_onnx_model.py
08:33 - 11 April 2024 - INFO - Model "large_model_simplified.onnx" was loaded successfully in 0:00:03.125000! It has the following input name: x.1 - triggered by load_onnx_model.py
08:33 - 11 April 2024 - INFO - Preprocessed the original image "[[[ 67  67  67]
  [ 67  67  67]
  [ 68  68  68]
  ...
  [169 169 169]
  [171 171 171]
  [172 172 172]]

 [[ 67  67  67]
  [ 68  68  68]
  [ 68  68  68]
  ...
  [168 168 168]
  [170 170 170]
  [172 172 172]]

 [[ 69  69  69]
  [ 69  69  69]
  [ 70  70  70]
  ...
  [167 167 167]
  [169 169 169]
  [171 171 171]]

 ...

 [[ 35  35  35]
  [ 35  35  35]
  [ 35  35  35]
  ...
  [ 44  44  44]
  [ 45  45  45]
  [ 40  40  40]]

 [[ 35  35  35]
  [ 35  35  35]
  [ 35  35  35]
  ...
  [ 38  38  38]
  [ 39  39  39]
  [ 35  35  35]]

 [[ 35  35  35]
  [ 35  35  35]
  [ 35  35  35]
  ...
  [ 32  32  32]
  [ 37  37  37]
  [ 34  34  34]]]" (640x427) in -1 day, 23:59:59.985000, for model size of 512x512 - triggered by load_onnx_model.py
08:36 - 11 April 2024 - INFO - Model "large_model_simplified.onnx" was loaded successfully in 0:00:03.734000! It has the following input name: x.1 - triggered by load_onnx_model.py
08:36 - 11 April 2024 - INFO - Preprocessed the original image "[[[ 35  35  35]
  [ 34  34  34]
  [ 32  32  32]
  ...
  [178 178 178]
  [169 169 169]
  [161 161 161]]

 [[ 36  36  36]
  [ 38  38  38]
  [ 36  36  36]
  ...
  [178 178 178]
  [165 165 165]
  [161 161 161]]

 [[ 33  33  33]
  [ 38  38  38]
  [ 38  38  38]
  ...
  [176 176 176]
  [164 164 164]
  [162 162 162]]

 ...

 [[ 95  95  95]
  [ 96  96  96]
  [ 98  98  98]
  ...
  [ 59  59  59]
  [ 63  63  63]
  [ 56  56  56]]

 [[ 94  94  94]
  [ 98  98  98]
  [105 105 105]
  ...
  [ 58  58  58]
  [ 66  66  66]
  [ 54  54  54]]

 [[100 100 100]
  [ 92  92  92]
  [ 98  98  98]
  ...
  [ 65  65  65]
  [ 58  58  58]
  [ 59  59  59]]]" (1073x1600) in -1 day, 23:59:59.907000, for model size of 512x512 - triggered by load_onnx_model.py
